<?xml version="1.0" encoding="UTF-8"?>
<robot generator="Robot 7.3.2 (Python 3.13.7 on darwin)" generated="2025-09-28T19:32:07.338074" rpa="false" schemaversion="5">
<suite id="s1" name="Add Todo" source="/Users/BP/ttb-jenkins/minimal-todo-automation/tests/add_todo.robot">
<test id="s1-t1" name="Add Todo Item" line="7">
<kw name="Open Application" owner="AppiumLibrary">
<arg>http://localhost:4723</arg>
<arg>platformName=${PLATFORM_NAME}</arg>
<arg>deviceName=${DEVICE_NAME}</arg>
<arg>app=${APK_PATH}</arg>
<arg>automationName=${AUTOMATION_NAME}</arg>
<doc>Opens a new application to the given Appium server.
Capabilities of appium server, Android and iOS,
Please check https://appium.io/docs/en/2.19/guides/caps/
| *Option*            | *Man.* | *Description*     |
| remote_url          | Yes    | Appium server url |
| alias               | No     | alias             |</doc>
<status status="PASS" start="2025-09-28T19:32:07.403270" elapsed="2.342394"/>
</kw>
<kw name="Add Todo" owner="todo_keywords">
<msg time="2025-09-28T19:32:09.746504" level="FAIL">Keyword 'todo_keywords.Add Todo' expected 0 arguments, got 1.</msg>
<arg>Buy milk</arg>
<status status="FAIL" start="2025-09-28T19:32:09.746267" elapsed="0.000302">Keyword 'todo_keywords.Add Todo' expected 0 arguments, got 1.</status>
</kw>
<kw name="Todo Should Exist" owner="todo_keywords">
<arg>Buy milk</arg>
<status status="NOT RUN" start="2025-09-28T19:32:09.746910" elapsed="0.000069"/>
</kw>
<kw name="Close Application" owner="todo_keywords">
<status status="NOT RUN" start="2025-09-28T19:32:09.747184" elapsed="0.000023"/>
</kw>
<doc>Validate adding a new todo item works</doc>
<status status="FAIL" start="2025-09-28T19:32:07.402849" elapsed="2.344610">Keyword 'todo_keywords.Add Todo' expected 0 arguments, got 1.</status>
</test>
<status status="FAIL" start="2025-09-28T19:32:07.338839" elapsed="2.409230"/>
</suite>
<statistics>
<total>
<stat pass="0" fail="1" skip="0">All Tests</stat>
</total>
<tag>
</tag>
<suite>
<stat name="Add Todo" id="s1" pass="0" fail="1" skip="0">Add Todo</stat>
</suite>
</statistics>
<errors>
</errors>
</robot>
